<?xml version="1.0" encoding="UTF-8" ?>
<testsuite failures="0" time="0.838" errors="1" skipped="0" tests="1" name="com.quanti.webapp.listener.StartupListenerTest">
  <properties>
    <property name="java.runtime.name" value="Java(TM) SE Runtime Environment"/>
    <property name="sun.boot.library.path" value="/System/Library/Java/JavaVirtualMachines/1.6.0.jdk/Contents/Libraries"/>
    <property name="java.vm.version" value="20.6-b01-415"/>
    <property name="awt.nativeDoubleBuffering" value="true"/>
    <property name="gopherProxySet" value="false"/>
    <property name="mrj.build" value="10M3646"/>
    <property name="java.vm.vendor" value="Apple Inc."/>
    <property name="java.vendor.url" value="http://www.apple.com/"/>
    <property name="path.separator" value=":"/>
    <property name="java.vm.name" value="Java HotSpot(TM) Client VM"/>
    <property name="file.encoding.pkg" value="sun.io"/>
    <property name="user.country" value="US"/>
    <property name="sun.java.launcher" value="SUN_STANDARD"/>
    <property name="sun.os.patch.level" value="unknown"/>
    <property name="java.vm.specification.name" value="Java Virtual Machine Specification"/>
    <property name="user.dir" value="/Users/Test/Documents/workspace/quanti/web"/>
    <property name="java.runtime.version" value="1.6.0_31-b04-415-10M3646"/>
    <property name="java.awt.graphicsenv" value="apple.awt.CGraphicsEnvironment"/>
    <property name="basedir" value="/Users/Test/Documents/workspace/quanti/web"/>
    <property name="java.endorsed.dirs" value="/System/Library/Java/JavaVirtualMachines/1.6.0.jdk/Contents/Home/lib/endorsed"/>
    <property name="os.arch" value="i386"/>
    <property name="surefire.real.class.path" value="/var/folders/qE/qE7Yw2UaHSGIKpSsGA2IU++++TI/-Tmp-/surefirebooter7121288174994482720.jar"/>
    <property name="java.io.tmpdir" value="/var/folders/qE/qE7Yw2UaHSGIKpSsGA2IU++++TI/-Tmp-/"/>
    <property name="line.separator" value="
"/>
    <property name="java.vm.specification.vendor" value="Sun Microsystems Inc."/>
    <property name="os.name" value="Mac OS X"/>
    <property name="sun.jnu.encoding" value="MacRoman"/>
    <property name="java.library.path" value=".:/Library/Java/Extensions:/System/Library/Java/Extensions:/usr/lib/java"/>
    <property name="surefire.test.class.path" value="/Users/Test/Documents/workspace/quanti/web/target/test-classes:/Users/Test/Documents/workspace/quanti/web/target/classes:/Users/Test/.m2/repository/mysql/mysql-connector-java/5.1.14/mysql-connector-java-5.1.14.jar:/Users/Test/Documents/workspace/quanti/core/target/core-1.0-SNAPSHOT.jar:/Users/Test/.m2/repository/commons-beanutils/commons-beanutils/1.8.3/commons-beanutils-1.8.3.jar:/Users/Test/.m2/repository/commons-logging/commons-logging/1.0.4/commons-logging-1.0.4.jar:/Users/Test/.m2/repository/commons-collections/commons-collections/3.2.1/commons-collections-3.2.1.jar:/Users/Test/.m2/repository/commons-lang/commons-lang/2.6/commons-lang-2.6.jar:/Users/Test/.m2/repository/javassist/javassist/3.12.1.GA/javassist-3.12.1.GA.jar:/Users/Test/.m2/repository/javax/mail/mail/1.4.1/mail-1.4.1.jar:/Users/Test/.m2/repository/javax/activation/activation/1.1/activation-1.1.jar:/Users/Test/.m2/repository/javax/xml/bind/jaxb-api/2.2/jaxb-api-2.2.jar:/Users/Test/.m2/repository/javax/xml/stream/stax-api/1.0-2/stax-api-1.0-2.jar:/Users/Test/.m2/repository/net/sf/ehcache/ehcache-core/2.3.1/ehcache-core-2.3.1.jar:/Users/Test/.m2/repository/org/slf4j/slf4j-api/1.6.1/slf4j-api-1.6.1.jar:/Users/Test/.m2/repository/org/apache/cxf/cxf-rt-frontend-jaxrs/2.3.3/cxf-rt-frontend-jaxrs-2.3.3.jar:/Users/Test/.m2/repository/org/apache/cxf/cxf-common-utilities/2.3.3/cxf-common-utilities-2.3.3.jar:/Users/Test/.m2/repository/org/apache/ws/commons/schema/XmlSchema/1.4.7/XmlSchema-1.4.7.jar:/Users/Test/.m2/repository/org/codehaus/woodstox/woodstox-core-asl/4.1.1/woodstox-core-asl-4.1.1.jar:/Users/Test/.m2/repository/org/codehaus/woodstox/stax2-api/3.1.1/stax2-api-3.1.1.jar:/Users/Test/.m2/repository/org/apache/cxf/cxf-api/2.3.3/cxf-api-2.3.3.jar:/Users/Test/.m2/repository/org/apache/neethi/neethi/2.0.4/neethi-2.0.4.jar:/Users/Test/.m2/repository/wsdl4j/wsdl4j/1.6.2/wsdl4j-1.6.2.jar:/Users/Test/.m2/repository/org/apache/cxf/cxf-common-schemas/2.3.3/cxf-common-schemas-2.3.3.jar:/Users/Test/.m2/repository/org/apache/cxf/cxf-rt-core/2.3.3/cxf-rt-core-2.3.3.jar:/Users/Test/.m2/repository/com/sun/xml/bind/jaxb-impl/2.1.13/jaxb-impl-2.1.13.jar:/Users/Test/.m2/repository/org/apache/geronimo/specs/geronimo-javamail_1.4_spec/1.7.1/geronimo-javamail_1.4_spec-1.7.1.jar:/Users/Test/.m2/repository/javax/ws/rs/jsr311-api/1.1.1/jsr311-api-1.1.1.jar:/Users/Test/.m2/repository/org/apache/cxf/cxf-rt-bindings-xml/2.3.3/cxf-rt-bindings-xml-2.3.3.jar:/Users/Test/.m2/repository/org/apache/cxf/cxf-rt-transports-http/2.3.3/cxf-rt-transports-http-2.3.3.jar:/Users/Test/.m2/repository/org/apache/cxf/cxf-rt-transports-common/2.3.3/cxf-rt-transports-common-2.3.3.jar:/Users/Test/.m2/repository/org/codehaus/jettison/jettison/1.2/jettison-1.2.jar:/Users/Test/.m2/repository/org/apache/cxf/cxf-rt-frontend-jaxws/2.3.3/cxf-rt-frontend-jaxws-2.3.3.jar:/Users/Test/.m2/repository/xml-resolver/xml-resolver/1.2/xml-resolver-1.2.jar:/Users/Test/.m2/repository/asm/asm/3.3/asm-3.3.jar:/Users/Test/.m2/repository/org/apache/cxf/cxf-rt-bindings-soap/2.3.3/cxf-rt-bindings-soap-2.3.3.jar:/Users/Test/.m2/repository/org/apache/cxf/cxf-tools-common/2.3.3/cxf-tools-common-2.3.3.jar:/Users/Test/.m2/repository/org/apache/cxf/cxf-rt-databinding-jaxb/2.3.3/cxf-rt-databinding-jaxb-2.3.3.jar:/Users/Test/.m2/repository/org/apache/cxf/cxf-rt-frontend-simple/2.3.3/cxf-rt-frontend-simple-2.3.3.jar:/Users/Test/.m2/repository/org/apache/cxf/cxf-rt-ws-addr/2.3.3/cxf-rt-ws-addr-2.3.3.jar:/Users/Test/.m2/repository/org/codehaus/jackson/jackson-jaxrs/1.7.1/jackson-jaxrs-1.7.1.jar:/Users/Test/.m2/repository/org/codehaus/jackson/jackson-core-asl/1.7.1/jackson-core-asl-1.7.1.jar:/Users/Test/.m2/repository/org/codehaus/jackson/jackson-mapper-asl/1.7.1/jackson-mapper-asl-1.7.1.jar:/Users/Test/.m2/repository/org/compass-project/compass/2.2.0/compass-2.2.0.jar:/Users/Test/.m2/repository/org/apache/lucene/lucene-core/2.4.1/lucene-core-2.4.1.jar:/Users/Test/.m2/repository/org/hibernate/hibernate-core/3.6.1.Final/hibernate-core-3.6.1.Final.jar:/Users/Test/.m2/repository/antlr/antlr/2.7.6/antlr-2.7.6.jar:/Users/Test/.m2/repository/dom4j/dom4j/1.6.1/dom4j-1.6.1.jar:/Users/Test/.m2/repository/org/hibernate/hibernate-commons-annotations/3.2.0.Final/hibernate-commons-annotations-3.2.0.Final.jar:/Users/Test/.m2/repository/org/hibernate/javax/persistence/hibernate-jpa-2.0-api/1.0.0.Final/hibernate-jpa-2.0-api-1.0.0.Final.jar:/Users/Test/.m2/repository/javax/transaction/jta/1.1/jta-1.1.jar:/Users/Test/.m2/repository/org/hibernate/hibernate-ehcache/3.6.1.Final/hibernate-ehcache-3.6.1.Final.jar:/Users/Test/.m2/repository/org/hibernate/java-persistence/jpa-api/2.0-cr-1/jpa-api-2.0-cr-1.jar:/Users/Test/.m2/repository/org/springframework/spring-aop/3.0.5.RELEASE/spring-aop-3.0.5.RELEASE.jar:/Users/Test/.m2/repository/aopalliance/aopalliance/1.0/aopalliance-1.0.jar:/Users/Test/.m2/repository/org/springframework/spring-asm/3.0.5.RELEASE/spring-asm-3.0.5.RELEASE.jar:/Users/Test/.m2/repository/org/springframework/spring-beans/3.0.5.RELEASE/spring-beans-3.0.5.RELEASE.jar:/Users/Test/.m2/repository/org/springframework/spring-core/3.0.5.RELEASE/spring-core-3.0.5.RELEASE.jar:/Users/Test/.m2/repository/org/springframework/spring-jdbc/3.0.5.RELEASE/spring-jdbc-3.0.5.RELEASE.jar:/Users/Test/.m2/repository/org/springframework/spring-tx/3.0.3.RELEASE/spring-tx-3.0.3.RELEASE.jar:/Users/Test/.m2/repository/org/springframework/spring-context/3.0.5.RELEASE/spring-context-3.0.5.RELEASE.jar:/Users/Test/.m2/repository/org/springframework/spring-expression/3.0.5.RELEASE/spring-expression-3.0.5.RELEASE.jar:/Users/Test/.m2/repository/org/springframework/spring-orm/3.0.5.RELEASE/spring-orm-3.0.5.RELEASE.jar:/Users/Test/.m2/repository/org/springframework/spring-aspects/3.0.5.RELEASE/spring-aspects-3.0.5.RELEASE.jar:/Users/Test/.m2/repository/org/springframework/spring-context-support/3.0.5.RELEASE/spring-context-support-3.0.5.RELEASE.jar:/Users/Test/.m2/repository/org/springframework/spring-test/3.0.5.RELEASE/spring-test-3.0.5.RELEASE.jar:/Users/Test/.m2/repository/velocity/velocity/1.4/velocity-1.4.jar:/Users/Test/.m2/repository/velocity/velocity-dep/1.4/velocity-dep-1.4.jar:/Users/Test/.m2/repository/log4j/log4j/1.2.16/log4j-1.2.16.jar:/Users/Test/.m2/repository/org/aspectj/aspectjweaver/1.6.10/aspectjweaver-1.6.10.jar:/Users/Test/.m2/repository/org/aspectj/aspectjrt/1.6.10/aspectjrt-1.6.10.jar:/Users/Test/.m2/repository/org/slf4j/jcl-over-slf4j/1.6.1/jcl-over-slf4j-1.6.1.jar:/Users/Test/.m2/repository/org/slf4j/slf4j-log4j12/1.6.1/slf4j-log4j12-1.6.1.jar:/Users/Test/.m2/repository/org/springframework/security/spring-security-core/3.0.5.RELEASE/spring-security-core-3.0.5.RELEASE.jar:/Users/Test/.m2/repository/org/springframework/security/spring-security-config/3.0.5.RELEASE/spring-security-config-3.0.5.RELEASE.jar:/Users/Test/.m2/repository/commons-dbcp/commons-dbcp/1.3/commons-dbcp-1.3.jar:/Users/Test/.m2/repository/commons-pool/commons-pool/1.5.4/commons-pool-1.5.4.jar:/Users/Test/.m2/repository/commons-fileupload/commons-fileupload/1.2.1/commons-fileupload-1.2.1.jar:/Users/Test/.m2/repository/commons-io/commons-io/2.0.1/commons-io-2.0.1.jar:/Users/Test/.m2/repository/displaytag/displaytag/1.2/displaytag-1.2.jar:/Users/Test/.m2/repository/com/lowagie/itext/1.3/itext-1.3.jar:/Users/Test/.m2/repository/javax/servlet/servlet-api/2.5/servlet-api-2.5.jar:/Users/Test/.m2/repository/javax/servlet/jstl/1.1.2/jstl-1.1.2.jar:/Users/Test/.m2/repository/javax/servlet/jsp/jsp-api/2.1/jsp-api-2.1.jar:/Users/Test/.m2/repository/net/sf/ehcache/ehcache-web/2.0.3/ehcache-web-2.0.3.jar:/Users/Test/.m2/repository/opensymphony/sitemesh/2.4.2/sitemesh-2.4.2.jar:/Users/Test/.m2/repository/org/apache/struts/struts2-core/2.1.8/struts2-core-2.1.8.jar:/Users/Test/.m2/repository/com/opensymphony/xwork-core/2.1.6/xwork-core-2.1.6.jar:/Users/Test/.m2/repository/ognl/ognl/2.7.3/ognl-2.7.3.jar:/Users/Test/.m2/repository/org/freemarker/freemarker/2.3.15/freemarker-2.3.15.jar:/Users/Test/.m2/repository/org/apache/struts/struts2-convention-plugin/2.1.8/struts2-convention-plugin-2.1.8.jar:/Users/Test/.m2/repository/org/apache/struts/struts2-spring-plugin/2.1.8/struts2-spring-plugin-2.1.8.jar:/Users/Test/.m2/repository/org/directwebremoting/dwr/2.0.3/dwr-2.0.3.jar:/Users/Test/.m2/repository/org/springframework/spring-webmvc/3.0.5.RELEASE/spring-webmvc-3.0.5.RELEASE.jar:/Users/Test/.m2/repository/org/springframework/spring-web/3.0.5.RELEASE/spring-web-3.0.5.RELEASE.jar:/Users/Test/.m2/repository/org/springframework/security/spring-security-taglibs/3.0.5.RELEASE/spring-security-taglibs-3.0.5.RELEASE.jar:/Users/Test/.m2/repository/org/springframework/security/spring-security-web/3.0.5.RELEASE/spring-security-web-3.0.5.RELEASE.jar:/Users/Test/.m2/repository/org/springframework/security/spring-security-acl/3.0.5.RELEASE/spring-security-acl-3.0.5.RELEASE.jar:/Users/Test/.m2/repository/org/subethamail/subethasmtp-wiser/1.2/subethasmtp-wiser-1.2.jar:/Users/Test/.m2/repository/org/subethamail/subethasmtp-smtp/1.2/subethasmtp-smtp-1.2.jar:/Users/Test/.m2/repository/org/tuckey/urlrewritefilter/3.1.0/urlrewritefilter-3.1.0.jar:/Users/Test/.m2/repository/struts-menu/struts-menu/2.4.3/struts-menu-2.4.3.jar:/Users/Test/.m2/repository/commons-digester/commons-digester/1.7/commons-digester-1.7.jar:/Users/Test/.m2/repository/velocity-tools/velocity-tools-view/1.0/velocity-tools-view-1.0.jar:/Users/Test/.m2/repository/taglibs/standard/1.1.2/standard-1.1.2.jar:/Users/Test/.m2/repository/junit/junit-dep/4.5/junit-dep-4.5.jar:/Users/Test/.m2/repository/org/hamcrest/hamcrest-core/1.1/hamcrest-core-1.1.jar:/Users/Test/.m2/repository/junit/junit/4.8.2/junit-4.8.2.jar:/Users/Test/.m2/repository/org/jmock/jmock/2.5.1/jmock-2.5.1.jar:/Users/Test/.m2/repository/org/hamcrest/hamcrest-library/1.1/hamcrest-library-1.1.jar:/Users/Test/.m2/repository/org/jmock/jmock-junit4/2.5.1/jmock-junit4-2.5.1.jar:"/>
    <property name="java.specification.name" value="Java Platform API Specification"/>
    <property name="java.class.version" value="50.0"/>
    <property name="sun.management.compiler" value="HotSpot Client Compiler"/>
    <property name="os.version" value="10.6.8"/>
    <property name="http.nonProxyHosts" value="local|*.local|169.254/16|*.169.254/16"/>
    <property name="user.home" value="/Users/Test"/>
    <property name="user.timezone" value="GMT-03:00"/>
    <property name="java.awt.printerjob" value="apple.awt.CPrinterJob"/>
    <property name="java.specification.version" value="1.6"/>
    <property name="file.encoding" value="MacRoman"/>
    <property name="user.name" value="Test"/>
    <property name="java.class.path" value="/Users/Test/Documents/workspace/quanti/web/target/test-classes:/Users/Test/Documents/workspace/quanti/web/target/classes:/Users/Test/.m2/repository/mysql/mysql-connector-java/5.1.14/mysql-connector-java-5.1.14.jar:/Users/Test/Documents/workspace/quanti/core/target/core-1.0-SNAPSHOT.jar:/Users/Test/.m2/repository/commons-beanutils/commons-beanutils/1.8.3/commons-beanutils-1.8.3.jar:/Users/Test/.m2/repository/commons-logging/commons-logging/1.0.4/commons-logging-1.0.4.jar:/Users/Test/.m2/repository/commons-collections/commons-collections/3.2.1/commons-collections-3.2.1.jar:/Users/Test/.m2/repository/commons-lang/commons-lang/2.6/commons-lang-2.6.jar:/Users/Test/.m2/repository/javassist/javassist/3.12.1.GA/javassist-3.12.1.GA.jar:/Users/Test/.m2/repository/javax/mail/mail/1.4.1/mail-1.4.1.jar:/Users/Test/.m2/repository/javax/activation/activation/1.1/activation-1.1.jar:/Users/Test/.m2/repository/javax/xml/bind/jaxb-api/2.2/jaxb-api-2.2.jar:/Users/Test/.m2/repository/javax/xml/stream/stax-api/1.0-2/stax-api-1.0-2.jar:/Users/Test/.m2/repository/net/sf/ehcache/ehcache-core/2.3.1/ehcache-core-2.3.1.jar:/Users/Test/.m2/repository/org/slf4j/slf4j-api/1.6.1/slf4j-api-1.6.1.jar:/Users/Test/.m2/repository/org/apache/cxf/cxf-rt-frontend-jaxrs/2.3.3/cxf-rt-frontend-jaxrs-2.3.3.jar:/Users/Test/.m2/repository/org/apache/cxf/cxf-common-utilities/2.3.3/cxf-common-utilities-2.3.3.jar:/Users/Test/.m2/repository/org/apache/ws/commons/schema/XmlSchema/1.4.7/XmlSchema-1.4.7.jar:/Users/Test/.m2/repository/org/codehaus/woodstox/woodstox-core-asl/4.1.1/woodstox-core-asl-4.1.1.jar:/Users/Test/.m2/repository/org/codehaus/woodstox/stax2-api/3.1.1/stax2-api-3.1.1.jar:/Users/Test/.m2/repository/org/apache/cxf/cxf-api/2.3.3/cxf-api-2.3.3.jar:/Users/Test/.m2/repository/org/apache/neethi/neethi/2.0.4/neethi-2.0.4.jar:/Users/Test/.m2/repository/wsdl4j/wsdl4j/1.6.2/wsdl4j-1.6.2.jar:/Users/Test/.m2/repository/org/apache/cxf/cxf-common-schemas/2.3.3/cxf-common-schemas-2.3.3.jar:/Users/Test/.m2/repository/org/apache/cxf/cxf-rt-core/2.3.3/cxf-rt-core-2.3.3.jar:/Users/Test/.m2/repository/com/sun/xml/bind/jaxb-impl/2.1.13/jaxb-impl-2.1.13.jar:/Users/Test/.m2/repository/org/apache/geronimo/specs/geronimo-javamail_1.4_spec/1.7.1/geronimo-javamail_1.4_spec-1.7.1.jar:/Users/Test/.m2/repository/javax/ws/rs/jsr311-api/1.1.1/jsr311-api-1.1.1.jar:/Users/Test/.m2/repository/org/apache/cxf/cxf-rt-bindings-xml/2.3.3/cxf-rt-bindings-xml-2.3.3.jar:/Users/Test/.m2/repository/org/apache/cxf/cxf-rt-transports-http/2.3.3/cxf-rt-transports-http-2.3.3.jar:/Users/Test/.m2/repository/org/apache/cxf/cxf-rt-transports-common/2.3.3/cxf-rt-transports-common-2.3.3.jar:/Users/Test/.m2/repository/org/codehaus/jettison/jettison/1.2/jettison-1.2.jar:/Users/Test/.m2/repository/org/apache/cxf/cxf-rt-frontend-jaxws/2.3.3/cxf-rt-frontend-jaxws-2.3.3.jar:/Users/Test/.m2/repository/xml-resolver/xml-resolver/1.2/xml-resolver-1.2.jar:/Users/Test/.m2/repository/asm/asm/3.3/asm-3.3.jar:/Users/Test/.m2/repository/org/apache/cxf/cxf-rt-bindings-soap/2.3.3/cxf-rt-bindings-soap-2.3.3.jar:/Users/Test/.m2/repository/org/apache/cxf/cxf-tools-common/2.3.3/cxf-tools-common-2.3.3.jar:/Users/Test/.m2/repository/org/apache/cxf/cxf-rt-databinding-jaxb/2.3.3/cxf-rt-databinding-jaxb-2.3.3.jar:/Users/Test/.m2/repository/org/apache/cxf/cxf-rt-frontend-simple/2.3.3/cxf-rt-frontend-simple-2.3.3.jar:/Users/Test/.m2/repository/org/apache/cxf/cxf-rt-ws-addr/2.3.3/cxf-rt-ws-addr-2.3.3.jar:/Users/Test/.m2/repository/org/codehaus/jackson/jackson-jaxrs/1.7.1/jackson-jaxrs-1.7.1.jar:/Users/Test/.m2/repository/org/codehaus/jackson/jackson-core-asl/1.7.1/jackson-core-asl-1.7.1.jar:/Users/Test/.m2/repository/org/codehaus/jackson/jackson-mapper-asl/1.7.1/jackson-mapper-asl-1.7.1.jar:/Users/Test/.m2/repository/org/compass-project/compass/2.2.0/compass-2.2.0.jar:/Users/Test/.m2/repository/org/apache/lucene/lucene-core/2.4.1/lucene-core-2.4.1.jar:/Users/Test/.m2/repository/org/hibernate/hibernate-core/3.6.1.Final/hibernate-core-3.6.1.Final.jar:/Users/Test/.m2/repository/antlr/antlr/2.7.6/antlr-2.7.6.jar:/Users/Test/.m2/repository/dom4j/dom4j/1.6.1/dom4j-1.6.1.jar:/Users/Test/.m2/repository/org/hibernate/hibernate-commons-annotations/3.2.0.Final/hibernate-commons-annotations-3.2.0.Final.jar:/Users/Test/.m2/repository/org/hibernate/javax/persistence/hibernate-jpa-2.0-api/1.0.0.Final/hibernate-jpa-2.0-api-1.0.0.Final.jar:/Users/Test/.m2/repository/javax/transaction/jta/1.1/jta-1.1.jar:/Users/Test/.m2/repository/org/hibernate/hibernate-ehcache/3.6.1.Final/hibernate-ehcache-3.6.1.Final.jar:/Users/Test/.m2/repository/org/hibernate/java-persistence/jpa-api/2.0-cr-1/jpa-api-2.0-cr-1.jar:/Users/Test/.m2/repository/org/springframework/spring-aop/3.0.5.RELEASE/spring-aop-3.0.5.RELEASE.jar:/Users/Test/.m2/repository/aopalliance/aopalliance/1.0/aopalliance-1.0.jar:/Users/Test/.m2/repository/org/springframework/spring-asm/3.0.5.RELEASE/spring-asm-3.0.5.RELEASE.jar:/Users/Test/.m2/repository/org/springframework/spring-beans/3.0.5.RELEASE/spring-beans-3.0.5.RELEASE.jar:/Users/Test/.m2/repository/org/springframework/spring-core/3.0.5.RELEASE/spring-core-3.0.5.RELEASE.jar:/Users/Test/.m2/repository/org/springframework/spring-jdbc/3.0.5.RELEASE/spring-jdbc-3.0.5.RELEASE.jar:/Users/Test/.m2/repository/org/springframework/spring-tx/3.0.3.RELEASE/spring-tx-3.0.3.RELEASE.jar:/Users/Test/.m2/repository/org/springframework/spring-context/3.0.5.RELEASE/spring-context-3.0.5.RELEASE.jar:/Users/Test/.m2/repository/org/springframework/spring-expression/3.0.5.RELEASE/spring-expression-3.0.5.RELEASE.jar:/Users/Test/.m2/repository/org/springframework/spring-orm/3.0.5.RELEASE/spring-orm-3.0.5.RELEASE.jar:/Users/Test/.m2/repository/org/springframework/spring-aspects/3.0.5.RELEASE/spring-aspects-3.0.5.RELEASE.jar:/Users/Test/.m2/repository/org/springframework/spring-context-support/3.0.5.RELEASE/spring-context-support-3.0.5.RELEASE.jar:/Users/Test/.m2/repository/org/springframework/spring-test/3.0.5.RELEASE/spring-test-3.0.5.RELEASE.jar:/Users/Test/.m2/repository/velocity/velocity/1.4/velocity-1.4.jar:/Users/Test/.m2/repository/velocity/velocity-dep/1.4/velocity-dep-1.4.jar:/Users/Test/.m2/repository/log4j/log4j/1.2.16/log4j-1.2.16.jar:/Users/Test/.m2/repository/org/aspectj/aspectjweaver/1.6.10/aspectjweaver-1.6.10.jar:/Users/Test/.m2/repository/org/aspectj/aspectjrt/1.6.10/aspectjrt-1.6.10.jar:/Users/Test/.m2/repository/org/slf4j/jcl-over-slf4j/1.6.1/jcl-over-slf4j-1.6.1.jar:/Users/Test/.m2/repository/org/slf4j/slf4j-log4j12/1.6.1/slf4j-log4j12-1.6.1.jar:/Users/Test/.m2/repository/org/springframework/security/spring-security-core/3.0.5.RELEASE/spring-security-core-3.0.5.RELEASE.jar:/Users/Test/.m2/repository/org/springframework/security/spring-security-config/3.0.5.RELEASE/spring-security-config-3.0.5.RELEASE.jar:/Users/Test/.m2/repository/commons-dbcp/commons-dbcp/1.3/commons-dbcp-1.3.jar:/Users/Test/.m2/repository/commons-pool/commons-pool/1.5.4/commons-pool-1.5.4.jar:/Users/Test/.m2/repository/commons-fileupload/commons-fileupload/1.2.1/commons-fileupload-1.2.1.jar:/Users/Test/.m2/repository/commons-io/commons-io/2.0.1/commons-io-2.0.1.jar:/Users/Test/.m2/repository/displaytag/displaytag/1.2/displaytag-1.2.jar:/Users/Test/.m2/repository/com/lowagie/itext/1.3/itext-1.3.jar:/Users/Test/.m2/repository/javax/servlet/servlet-api/2.5/servlet-api-2.5.jar:/Users/Test/.m2/repository/javax/servlet/jstl/1.1.2/jstl-1.1.2.jar:/Users/Test/.m2/repository/javax/servlet/jsp/jsp-api/2.1/jsp-api-2.1.jar:/Users/Test/.m2/repository/net/sf/ehcache/ehcache-web/2.0.3/ehcache-web-2.0.3.jar:/Users/Test/.m2/repository/opensymphony/sitemesh/2.4.2/sitemesh-2.4.2.jar:/Users/Test/.m2/repository/org/apache/struts/struts2-core/2.1.8/struts2-core-2.1.8.jar:/Users/Test/.m2/repository/com/opensymphony/xwork-core/2.1.6/xwork-core-2.1.6.jar:/Users/Test/.m2/repository/ognl/ognl/2.7.3/ognl-2.7.3.jar:/Users/Test/.m2/repository/org/freemarker/freemarker/2.3.15/freemarker-2.3.15.jar:/Users/Test/.m2/repository/org/apache/struts/struts2-convention-plugin/2.1.8/struts2-convention-plugin-2.1.8.jar:/Users/Test/.m2/repository/org/apache/struts/struts2-spring-plugin/2.1.8/struts2-spring-plugin-2.1.8.jar:/Users/Test/.m2/repository/org/directwebremoting/dwr/2.0.3/dwr-2.0.3.jar:/Users/Test/.m2/repository/org/springframework/spring-webmvc/3.0.5.RELEASE/spring-webmvc-3.0.5.RELEASE.jar:/Users/Test/.m2/repository/org/springframework/spring-web/3.0.5.RELEASE/spring-web-3.0.5.RELEASE.jar:/Users/Test/.m2/repository/org/springframework/security/spring-security-taglibs/3.0.5.RELEASE/spring-security-taglibs-3.0.5.RELEASE.jar:/Users/Test/.m2/repository/org/springframework/security/spring-security-web/3.0.5.RELEASE/spring-security-web-3.0.5.RELEASE.jar:/Users/Test/.m2/repository/org/springframework/security/spring-security-acl/3.0.5.RELEASE/spring-security-acl-3.0.5.RELEASE.jar:/Users/Test/.m2/repository/org/subethamail/subethasmtp-wiser/1.2/subethasmtp-wiser-1.2.jar:/Users/Test/.m2/repository/org/subethamail/subethasmtp-smtp/1.2/subethasmtp-smtp-1.2.jar:/Users/Test/.m2/repository/org/tuckey/urlrewritefilter/3.1.0/urlrewritefilter-3.1.0.jar:/Users/Test/.m2/repository/struts-menu/struts-menu/2.4.3/struts-menu-2.4.3.jar:/Users/Test/.m2/repository/commons-digester/commons-digester/1.7/commons-digester-1.7.jar:/Users/Test/.m2/repository/velocity-tools/velocity-tools-view/1.0/velocity-tools-view-1.0.jar:/Users/Test/.m2/repository/taglibs/standard/1.1.2/standard-1.1.2.jar:/Users/Test/.m2/repository/junit/junit-dep/4.5/junit-dep-4.5.jar:/Users/Test/.m2/repository/org/hamcrest/hamcrest-core/1.1/hamcrest-core-1.1.jar:/Users/Test/.m2/repository/junit/junit/4.8.2/junit-4.8.2.jar:/Users/Test/.m2/repository/org/jmock/jmock/2.5.1/jmock-2.5.1.jar:/Users/Test/.m2/repository/org/hamcrest/hamcrest-library/1.1/hamcrest-library-1.1.jar:/Users/Test/.m2/repository/org/jmock/jmock-junit4/2.5.1/jmock-junit4-2.5.1.jar:"/>
    <property name="java.vm.specification.version" value="1.0"/>
    <property name="sun.arch.data.model" value="32"/>
    <property name="java.home" value="/System/Library/Java/JavaVirtualMachines/1.6.0.jdk/Contents/Home"/>
    <property name="sun.java.command" value="/var/folders/qE/qE7Yw2UaHSGIKpSsGA2IU++++TI/-Tmp-/surefirebooter7121288174994482720.jar /var/folders/qE/qE7Yw2UaHSGIKpSsGA2IU++++TI/-Tmp-/surefire9047186367519405738tmp /var/folders/qE/qE7Yw2UaHSGIKpSsGA2IU++++TI/-Tmp-/surefire1504165438077810684tmp"/>
    <property name="java.specification.vendor" value="Sun Microsystems Inc."/>
    <property name="user.language" value="en"/>
    <property name="org.apache.lucene.FSDirectory.class" value="org.apache.lucene.store.FSDirectory"/>
    <property name="awt.toolkit" value="apple.awt.CToolkit"/>
    <property name="java.vm.info" value="mixed mode"/>
    <property name="java.version" value="1.6.0_31"/>
    <property name="java.ext.dirs" value="/Library/Java/Extensions:/System/Library/Java/Extensions:/System/Library/Java/JavaVirtualMachines/1.6.0.jdk/Contents/Home/lib/ext"/>
    <property name="sun.boot.class.path" value="/System/Library/Java/JavaVirtualMachines/1.6.0.jdk/Contents/Classes/jsfd.jar:/System/Library/Java/JavaVirtualMachines/1.6.0.jdk/Contents/Classes/classes.jar:/System/Library/Frameworks/JavaVM.framework/Frameworks/JavaRuntimeSupport.framework/Resources/Java/JavaRuntimeSupport.jar:/System/Library/Java/JavaVirtualMachines/1.6.0.jdk/Contents/Classes/ui.jar:/System/Library/Java/JavaVirtualMachines/1.6.0.jdk/Contents/Classes/laf.jar:/System/Library/Java/JavaVirtualMachines/1.6.0.jdk/Contents/Classes/sunrsasign.jar:/System/Library/Java/JavaVirtualMachines/1.6.0.jdk/Contents/Classes/jsse.jar:/System/Library/Java/JavaVirtualMachines/1.6.0.jdk/Contents/Classes/jce.jar:/System/Library/Java/JavaVirtualMachines/1.6.0.jdk/Contents/Classes/charsets.jar"/>
    <property name="java.vendor" value="Apple Inc."/>
    <property name="localRepository" value="/Users/Test/.m2/repository"/>
    <property name="file.separator" value="/"/>
    <property name="java.vendor.url.bug" value="http://bugreport.apple.com/"/>
    <property name="sun.cpu.endian" value="little"/>
    <property name="sun.io.unicode.encoding" value="UnicodeLittle"/>
    <property name="mrj.version" value="1060.1.6.0_31-415"/>
    <property name="socksNonProxyHosts" value="local|*.local|169.254/16|*.169.254/16"/>
    <property name="ftp.nonProxyHosts" value="local|*.local|169.254/16|*.169.254/16"/>
    <property name="sun.cpu.isalist" value=""/>
  </properties>
  <testcase time="0.823" classname="com.quanti.webapp.listener.StartupListenerTest" name="testContextInitialized">
    <error message="could not execute query; SQL [select role0_.id as id16_, role0_.description as descript2_16_, role0_.name as name16_ from role role0_ order by role0_.name]; nested exception is org.hibernate.exception.SQLGrammarException: could not execute query" type="org.springframework.dao.InvalidDataAccessResourceUsageException">org.springframework.dao.InvalidDataAccessResourceUsageException: could not execute query; SQL [select role0_.id as id16_, role0_.description as descript2_16_, role0_.name as name16_ from role role0_ order by role0_.name]; nested exception is org.hibernate.exception.SQLGrammarException: could not execute query
	at org.springframework.orm.hibernate3.SessionFactoryUtils.convertHibernateAccessException(SessionFactoryUtils.java:629)
	at org.springframework.orm.hibernate3.HibernateAccessor.convertHibernateAccessException(HibernateAccessor.java:412)
	at org.springframework.orm.hibernate3.HibernateTemplate.doExecute(HibernateTemplate.java:411)
	at org.springframework.orm.hibernate3.HibernateTemplate.executeWithNativeSession(HibernateTemplate.java:374)
	at org.springframework.orm.hibernate3.HibernateTemplate.find(HibernateTemplate.java:912)
	at org.springframework.orm.hibernate3.HibernateTemplate.find(HibernateTemplate.java:904)
	at com.quanti.dao.hibernate.LookupDaoHibernate.getRoles(LookupDaoHibernate.java:41)
	at sun.reflect.NativeMethodAccessorImpl.invoke0(Native Method)
	at sun.reflect.NativeMethodAccessorImpl.invoke(NativeMethodAccessorImpl.java:39)
	at sun.reflect.DelegatingMethodAccessorImpl.invoke(DelegatingMethodAccessorImpl.java:25)
	at java.lang.reflect.Method.invoke(Method.java:597)
	at org.springframework.aop.support.AopUtils.invokeJoinpointUsingReflection(AopUtils.java:309)
	at org.springframework.aop.framework.ReflectiveMethodInvocation.invokeJoinpoint(ReflectiveMethodInvocation.java:183)
	at org.springframework.aop.framework.ReflectiveMethodInvocation.proceed(ReflectiveMethodInvocation.java:150)
	at org.springframework.dao.support.PersistenceExceptionTranslationInterceptor.invoke(PersistenceExceptionTranslationInterceptor.java:155)
	at org.springframework.aop.framework.ReflectiveMethodInvocation.proceed(ReflectiveMethodInvocation.java:172)
	at org.springframework.aop.framework.JdkDynamicAopProxy.invoke(JdkDynamicAopProxy.java:202)
	at $Proxy54.getRoles(Unknown Source)
	at com.quanti.service.impl.LookupManagerImpl.getAllRoles(LookupManagerImpl.java:28)
	at sun.reflect.NativeMethodAccessorImpl.invoke0(Native Method)
	at sun.reflect.NativeMethodAccessorImpl.invoke(NativeMethodAccessorImpl.java:39)
	at sun.reflect.DelegatingMethodAccessorImpl.invoke(DelegatingMethodAccessorImpl.java:25)
	at java.lang.reflect.Method.invoke(Method.java:597)
	at org.springframework.aop.support.AopUtils.invokeJoinpointUsingReflection(AopUtils.java:309)
	at org.springframework.aop.framework.ReflectiveMethodInvocation.invokeJoinpoint(ReflectiveMethodInvocation.java:183)
	at org.springframework.aop.framework.ReflectiveMethodInvocation.proceed(ReflectiveMethodInvocation.java:150)
	at org.springframework.transaction.interceptor.TransactionInterceptor.invoke(TransactionInterceptor.java:110)
	at org.springframework.aop.framework.ReflectiveMethodInvocation.proceed(ReflectiveMethodInvocation.java:172)
	at org.springframework.aop.interceptor.ExposeInvocationInterceptor.invoke(ExposeInvocationInterceptor.java:89)
	at org.springframework.aop.framework.ReflectiveMethodInvocation.proceed(ReflectiveMethodInvocation.java:172)
	at org.springframework.aop.framework.JdkDynamicAopProxy.invoke(JdkDynamicAopProxy.java:202)
	at $Proxy55.getAllRoles(Unknown Source)
	at com.quanti.webapp.listener.StartupListener.setupContext(StartupListener.java:106)
	at com.quanti.webapp.listener.StartupListener.contextInitialized(StartupListener.java:93)
	at com.quanti.webapp.listener.StartupListenerTest.testContextInitialized(StartupListenerTest.java:50)
	at sun.reflect.NativeMethodAccessorImpl.invoke0(Native Method)
	at sun.reflect.NativeMethodAccessorImpl.invoke(NativeMethodAccessorImpl.java:39)
	at sun.reflect.DelegatingMethodAccessorImpl.invoke(DelegatingMethodAccessorImpl.java:25)
	at java.lang.reflect.Method.invoke(Method.java:597)
	at junit.framework.TestCase.runTest(TestCase.java:168)
	at junit.framework.TestCase.runBare(TestCase.java:134)
	at junit.framework.TestResult$1.protect(TestResult.java:110)
	at junit.framework.TestResult.runProtected(TestResult.java:128)
	at junit.framework.TestResult.run(TestResult.java:113)
	at junit.framework.TestCase.run(TestCase.java:124)
	at junit.framework.TestSuite.runTest(TestSuite.java:232)
	at junit.framework.TestSuite.run(TestSuite.java:227)
	at org.junit.internal.runners.JUnit38ClassRunner.run(JUnit38ClassRunner.java:79)
	at org.apache.maven.surefire.junit4.JUnit4TestSet.execute(JUnit4TestSet.java:62)
	at org.apache.maven.surefire.suite.AbstractDirectoryTestSuite.executeTestSet(AbstractDirectoryTestSuite.java:140)
	at org.apache.maven.surefire.suite.AbstractDirectoryTestSuite.execute(AbstractDirectoryTestSuite.java:127)
	at org.apache.maven.surefire.Surefire.run(Surefire.java:177)
	at sun.reflect.NativeMethodAccessorImpl.invoke0(Native Method)
	at sun.reflect.NativeMethodAccessorImpl.invoke(NativeMethodAccessorImpl.java:39)
	at sun.reflect.DelegatingMethodAccessorImpl.invoke(DelegatingMethodAccessorImpl.java:25)
	at java.lang.reflect.Method.invoke(Method.java:597)
	at org.apache.maven.surefire.booter.SurefireBooter.runSuitesInProcess(SurefireBooter.java:345)
	at org.apache.maven.surefire.booter.SurefireBooter.main(SurefireBooter.java:1009)
Caused by: org.hibernate.exception.SQLGrammarException: could not execute query
	at org.hibernate.exception.SQLStateConverter.convert(SQLStateConverter.java:92)
	at org.hibernate.exception.JDBCExceptionHelper.convert(JDBCExceptionHelper.java:66)
	at org.hibernate.loader.Loader.doList(Loader.java:2536)
	at org.hibernate.loader.Loader.listIgnoreQueryCache(Loader.java:2276)
	at org.hibernate.loader.Loader.list(Loader.java:2271)
	at org.hibernate.loader.hql.QueryLoader.list(QueryLoader.java:452)
	at org.hibernate.hql.ast.QueryTranslatorImpl.list(QueryTranslatorImpl.java:363)
	at org.hibernate.engine.query.HQLQueryPlan.performList(HQLQueryPlan.java:196)
	at org.hibernate.impl.SessionImpl.list(SessionImpl.java:1268)
	at org.hibernate.impl.QueryImpl.list(QueryImpl.java:102)
	at org.springframework.orm.hibernate3.HibernateTemplate$30.doInHibernate(HibernateTemplate.java:921)
	at org.springframework.orm.hibernate3.HibernateTemplate$30.doInHibernate(HibernateTemplate.java:1)
	at org.springframework.orm.hibernate3.HibernateTemplate.doExecute(HibernateTemplate.java:406)
	... 55 more
Caused by: com.mysql.jdbc.exceptions.jdbc4.MySQLSyntaxErrorException: Table &apos;quanti.role&apos; doesn&apos;t exist
	at sun.reflect.NativeConstructorAccessorImpl.newInstance0(Native Method)
	at sun.reflect.NativeConstructorAccessorImpl.newInstance(NativeConstructorAccessorImpl.java:39)
	at sun.reflect.DelegatingConstructorAccessorImpl.newInstance(DelegatingConstructorAccessorImpl.java:27)
	at java.lang.reflect.Constructor.newInstance(Constructor.java:513)
	at com.mysql.jdbc.Util.handleNewInstance(Util.java:407)
	at com.mysql.jdbc.Util.getInstance(Util.java:382)
	at com.mysql.jdbc.SQLError.createSQLException(SQLError.java:1052)
	at com.mysql.jdbc.MysqlIO.checkErrorPacket(MysqlIO.java:3593)
	at com.mysql.jdbc.MysqlIO.checkErrorPacket(MysqlIO.java:3525)
	at com.mysql.jdbc.MysqlIO.sendCommand(MysqlIO.java:1986)
	at com.mysql.jdbc.MysqlIO.sqlQueryDirect(MysqlIO.java:2140)
	at com.mysql.jdbc.ConnectionImpl.execSQL(ConnectionImpl.java:2626)
	at com.mysql.jdbc.PreparedStatement.executeInternal(PreparedStatement.java:2111)
	at com.mysql.jdbc.PreparedStatement.executeQuery(PreparedStatement.java:2273)
	at org.apache.commons.dbcp.DelegatingPreparedStatement.executeQuery(DelegatingPreparedStatement.java:96)
	at org.apache.commons.dbcp.DelegatingPreparedStatement.executeQuery(DelegatingPreparedStatement.java:96)
	at org.apache.commons.dbcp.DelegatingPreparedStatement.executeQuery(DelegatingPreparedStatement.java:96)
	at org.hibernate.jdbc.AbstractBatcher.getResultSet(AbstractBatcher.java:208)
	at org.hibernate.loader.Loader.getResultSet(Loader.java:1953)
	at org.hibernate.loader.Loader.doQuery(Loader.java:802)
	at org.hibernate.loader.Loader.doQueryAndInitializeNonLazyCollections(Loader.java:274)
	at org.hibernate.loader.Loader.doList(Loader.java:2533)
	... 65 more
</error>
  </testcase>
</testsuite>